Generated at Mon Jul 16 02:59:43 +0900 2012
Chef::Exceptions::CookbookNotFound: Cookbook my-env-miniumu not found. If you're loading my-env-miniumu from another cookbook, make sure you configure the dependency in your metadata
/usr/lib/ruby/vendor_ruby/chef/cookbook/cookbook_collection.rb:38:in `initialize'
/usr/lib/ruby/1.8/ohai/mash.rb:77:in `call'
/usr/lib/ruby/1.8/ohai/mash.rb:77:in `default'
/usr/lib/ruby/1.8/ohai/mash.rb:77:in `default'
/usr/lib/ruby/vendor_ruby/chef/mixin/language_include_recipe.rb:45:in `[]'
/usr/lib/ruby/vendor_ruby/chef/mixin/language_include_recipe.rb:45:in `load_recipe'
/usr/lib/ruby/vendor_ruby/chef/mixin/language_include_recipe.rb:33:in `include_recipe'
/usr/lib/ruby/vendor_ruby/chef/mixin/language_include_recipe.rb:27:in `each'
/usr/lib/ruby/vendor_ruby/chef/mixin/language_include_recipe.rb:27:in `include_recipe'
/usr/lib/ruby/vendor_ruby/chef/run_context.rb:72:in `load'
/usr/lib/ruby/vendor_ruby/chef/run_context.rb:69:in `each'
/usr/lib/ruby/vendor_ruby/chef/run_context.rb:69:in `load'
/usr/lib/ruby/vendor_ruby/chef/client.rb:199:in `setup_run_context'
/usr/lib/ruby/vendor_ruby/chef/client.rb:162:in `run'
/usr/lib/ruby/vendor_ruby/chef/application/solo.rb:207:in `run_application'
/usr/lib/ruby/vendor_ruby/chef/application/solo.rb:195:in `loop'
/usr/lib/ruby/vendor_ruby/chef/application/solo.rb:195:in `run_application'
/usr/lib/ruby/vendor_ruby/chef/application.rb:70:in `run'
/usr/bin/chef-solo:24